<?xml version="1.0" encoding="UTF-8"?>
<testsuite name="test.java.ProductHandlerTests" tests="6" skipped="0" failures="0" errors="0" timestamp="2017-08-05T16:46:54" hostname="DESKTOP-FBOTNM7" time="0.001">
  <properties/>
  <testcase name="whenAItemHasNotBeenPurchasedThereAre10Left" classname="test.java.ProductHandlerTests" time="0.0"/>
  <testcase name="whenColaHasNotBeenPurchasedThereAre10Left" classname="test.java.ProductHandlerTests" time="0.0"/>
  <testcase name="whenOneCandyHasBeenPurchasedThereAre9Left" classname="test.java.ProductHandlerTests" time="0.0"/>
  <testcase name="whenOneColaHasBeenPurchasedThereAre9Left" classname="test.java.ProductHandlerTests" time="0.0"/>
  <testcase name="whenChipsHaveNotBeenPurchasedThereAre10Left" classname="test.java.ProductHandlerTests" time="0.0"/>
  <testcase name="whenOneBagOfChipsHasBeenPurchasedThereAre9Left" classname="test.java.ProductHandlerTests" time="0.0"/>
  <system-out><![CDATA[]]></system-out>
  <system-err><![CDATA[]]></system-err>
</testsuite>
